  [1m[35m (7.5ms)[0m  [1m[35mCREATE TABLE "schema_migrations" ("version" varchar NOT NULL PRIMARY KEY)[0m
  [1m[35m (7.7ms)[0m  [1m[35mCREATE TABLE "ar_internal_metadata" ("key" varchar NOT NULL PRIMARY KEY, "value" varchar, "created_at" datetime NOT NULL, "updated_at" datetime NOT NULL)[0m
  [1m[36mActiveRecord::SchemaMigration Load (0.1ms)[0m  [1m[34mSELECT "schema_migrations".* FROM "schema_migrations"[0m
Migrating to DeviseCreateUsers (20170117022338)
  [1m[35m (0.0ms)[0m  [1m[36mbegin transaction[0m
  [1m[35m (0.3ms)[0m  [1m[35mCREATE TABLE "users" ("id" INTEGER PRIMARY KEY AUTOINCREMENT NOT NULL, "email" varchar DEFAULT '' NOT NULL, "encrypted_password" varchar DEFAULT '' NOT NULL, "reset_password_token" varchar, "reset_password_sent_at" datetime, "remember_created_at" datetime, "sign_in_count" integer DEFAULT 0 NOT NULL, "current_sign_in_at" datetime, "last_sign_in_at" datetime, "current_sign_in_ip" varchar, "last_sign_in_ip" varchar, "created_at" datetime NOT NULL, "updated_at" datetime NOT NULL)[0m
  [1m[35m (0.0ms)[0m  [1m[34mselect sqlite_version(*)[0m
  [1m[35m (0.1ms)[0m  [1m[35mCREATE UNIQUE INDEX "index_users_on_email" ON "users" ("email")[0m
  [1m[35m (0.1ms)[0m  [1m[34m            SELECT sql
            FROM sqlite_master
            WHERE name='index_users_on_email' AND type='index'
            UNION ALL
            SELECT sql
            FROM sqlite_temp_master
            WHERE name='index_users_on_email' AND type='index'
[0m
  [1m[35m (0.1ms)[0m  [1m[35mCREATE UNIQUE INDEX "index_users_on_reset_password_token" ON "users" ("reset_password_token")[0m
  [1m[35mSQL (0.1ms)[0m  [1m[32mINSERT INTO "schema_migrations" ("version") VALUES (?)[0m  [["version", "20170117022338"]]
  [1m[35m (9.7ms)[0m  [1m[36mcommit transaction[0m
Migrating to CreateMenus (20170315005626)
  [1m[35m (0.0ms)[0m  [1m[36mbegin transaction[0m
  [1m[35m (0.2ms)[0m  [1m[35mCREATE TABLE "menus" ("id" INTEGER PRIMARY KEY AUTOINCREMENT NOT NULL, "name" varchar, "description" text, "category" varchar, "price" varchar, "availability" boolean, "created_at" datetime NOT NULL, "updated_at" datetime NOT NULL)[0m
  [1m[35mSQL (0.1ms)[0m  [1m[32mINSERT INTO "schema_migrations" ("version") VALUES (?)[0m  [["version", "20170315005626"]]
  [1m[35m (9.2ms)[0m  [1m[36mcommit transaction[0m
Migrating to AddPictureToMenu (20170315025715)
  [1m[35m (0.1ms)[0m  [1m[36mbegin transaction[0m
  [1m[35m (0.2ms)[0m  [1m[35mALTER TABLE "menus" ADD "picture" varchar[0m
  [1m[35mSQL (0.1ms)[0m  [1m[32mINSERT INTO "schema_migrations" ("version") VALUES (?)[0m  [["version", "20170315025715"]]
  [1m[35m (6.2ms)[0m  [1m[36mcommit transaction[0m
  [1m[36mActiveRecord::InternalMetadata Load (0.1ms)[0m  [1m[34mSELECT  "ar_internal_metadata".* FROM "ar_internal_metadata" WHERE "ar_internal_metadata"."key" = ? LIMIT ?[0m  [["key", :environment], ["LIMIT", 1]]
  [1m[35m (0.0ms)[0m  [1m[36mbegin transaction[0m
  [1m[35mSQL (0.2ms)[0m  [1m[32mINSERT INTO "ar_internal_metadata" ("key", "value", "created_at", "updated_at") VALUES (?, ?, ?, ?)[0m  [["key", "environment"], ["value", "development"], ["created_at", 2017-03-21 11:23:27 UTC], ["updated_at", 2017-03-21 11:23:27 UTC]]
  [1m[35m (6.5ms)[0m  [1m[36mcommit transaction[0m
  [1m[36mActiveRecord::SchemaMigration Load (0.1ms)[0m  [1m[34mSELECT "schema_migrations".* FROM "schema_migrations"[0m
  [1m[35m (0.1ms)[0m  [1m[34m            SELECT sql
            FROM sqlite_master
            WHERE name='index_users_on_reset_password_token' AND type='index'
            UNION ALL
            SELECT sql
            FROM sqlite_temp_master
            WHERE name='index_users_on_reset_password_token' AND type='index'
[0m
  [1m[35m (0.1ms)[0m  [1m[34m            SELECT sql
            FROM sqlite_master
            WHERE name='index_users_on_email' AND type='index'
            UNION ALL
            SELECT sql
            FROM sqlite_temp_master
            WHERE name='index_users_on_email' AND type='index'
[0m
Started GET "/" for 127.0.0.1 at 2017-03-21 22:23:33 +1100
  [1m[36mActiveRecord::SchemaMigration Load (0.1ms)[0m  [1m[34mSELECT "schema_migrations".* FROM "schema_migrations"[0m
Processing by HomeController#page as HTML
Completed 401 Unauthorized in 21ms (ActiveRecord: 0.0ms)


Started GET "/users/sign_in" for 127.0.0.1 at 2017-03-21 22:23:33 +1100
Processing by Devise::SessionsController#new as HTML
  Rendering devise/sessions/new.html.erb within layouts/application
  Rendered devise/shared/_links.html.erb (1.0ms)
  Rendered devise/sessions/new.html.erb within layouts/application (81.5ms)
  Rendered layouts/_navbar.html.erb (0.9ms)
Completed 200 OK in 6325ms (Views: 6310.7ms | ActiveRecord: 0.6ms)


Started POST "/users/sign_in" for 127.0.0.1 at 2017-03-21 22:23:47 +1100
Processing by Devise::SessionsController#create as HTML
  Parameters: {"utf8"=>"✓", "authenticity_token"=>"vqkQfSPEF6W2aZUjw5ty2DIY+5wBj8GhkO3pcIJqrC2oMp544oFShDu6DAf+NLEmhhmKs5ePzxwZWc77bKoBGg==", "user"=>{"email"=>"nandini@student.com", "password"=>"[FILTERED]", "remember_me"=>"0"}, "commit"=>"Log in"}
  [1m[36mUser Load (0.4ms)[0m  [1m[34mSELECT  "users".* FROM "users" WHERE "users"."email" = ? ORDER BY "users"."id" ASC LIMIT ?[0m  [["email", "nandini@student.com"], ["LIMIT", 1]]
Completed 401 Unauthorized in 14ms (ActiveRecord: 0.4ms)


Processing by Devise::SessionsController#new as HTML
  Parameters: {"utf8"=>"✓", "authenticity_token"=>"vqkQfSPEF6W2aZUjw5ty2DIY+5wBj8GhkO3pcIJqrC2oMp544oFShDu6DAf+NLEmhhmKs5ePzxwZWc77bKoBGg==", "user"=>{"email"=>"nandini@student.com", "password"=>"[FILTERED]", "remember_me"=>"0"}, "commit"=>"Log in"}
  Rendering devise/sessions/new.html.erb within layouts/application
  Rendered devise/shared/_links.html.erb (1.0ms)
  Rendered devise/sessions/new.html.erb within layouts/application (7.8ms)
  Rendered layouts/_navbar.html.erb (0.3ms)
Completed 200 OK in 353ms (Views: 60.4ms | ActiveRecord: 0.0ms)


Started GET "/users/sign_up" for 127.0.0.1 at 2017-03-21 22:23:49 +1100
Processing by Devise::RegistrationsController#new as HTML
  Rendering devise/registrations/new.html.erb within layouts/application
  Rendered devise/shared/_links.html.erb (1.0ms)
  Rendered devise/registrations/new.html.erb within layouts/application (31.1ms)
  Rendered layouts/_navbar.html.erb (0.5ms)
Completed 200 OK in 174ms (Views: 172.8ms | ActiveRecord: 0.0ms)


Started POST "/users" for 127.0.0.1 at 2017-03-21 22:23:57 +1100
Processing by Devise::RegistrationsController#create as HTML
  Parameters: {"utf8"=>"✓", "authenticity_token"=>"6h0JD9UDsobkb1pmWQ8jKIeUAqPDzmvdrk2nGkeaD0z8hocKFEb3p2m8w0JkoODWM5VzjFXOZWAn+YCRqVqiew==", "user"=>{"email"=>"nandini@student.com", "password"=>"[FILTERED]", "password_confirmation"=>"[FILTERED]"}, "commit"=>"Sign up"}
  [1m[35m (0.1ms)[0m  [1m[36mbegin transaction[0m
  [1m[36mUser Exists (0.9ms)[0m  [1m[34mSELECT  1 AS one FROM "users" WHERE "users"."email" = ? LIMIT ?[0m  [["email", "nandini@student.com"], ["LIMIT", 1]]
  [1m[35mSQL (0.3ms)[0m  [1m[32mINSERT INTO "users" ("email", "encrypted_password", "created_at", "updated_at") VALUES (?, ?, ?, ?)[0m  [["email", "nandini@student.com"], ["encrypted_password", "$2a$11$nVdA2k0cJNzhc6gf7pR3wuaZ2Eh/iWHq.BwLO9HnaJAZ4P5RO5klG"], ["created_at", 2017-03-21 11:23:57 UTC], ["updated_at", 2017-03-21 11:23:57 UTC]]
  [1m[35m (5.4ms)[0m  [1m[36mcommit transaction[0m
  [1m[35m (0.0ms)[0m  [1m[36mbegin transaction[0m
  [1m[35mSQL (0.2ms)[0m  [1m[33mUPDATE "users" SET "sign_in_count" = ?, "current_sign_in_at" = ?, "last_sign_in_at" = ?, "current_sign_in_ip" = ?, "last_sign_in_ip" = ?, "updated_at" = ? WHERE "users"."id" = ?[0m  [["sign_in_count", 1], ["current_sign_in_at", 2017-03-21 11:23:57 UTC], ["last_sign_in_at", 2017-03-21 11:23:57 UTC], ["current_sign_in_ip", "127.0.0.1"], ["last_sign_in_ip", "127.0.0.1"], ["updated_at", 2017-03-21 11:23:57 UTC], ["id", 1]]
  [1m[35m (6.9ms)[0m  [1m[36mcommit transaction[0m
Redirected to http://localhost:3000/
Completed 302 Found in 324ms (ActiveRecord: 13.8ms)


Started GET "/" for 127.0.0.1 at 2017-03-21 22:23:57 +1100
Processing by HomeController#page as HTML
  [1m[36mUser Load (0.2ms)[0m  [1m[34mSELECT  "users".* FROM "users" WHERE "users"."id" = ? ORDER BY "users"."id" ASC LIMIT ?[0m  [["id", 1], ["LIMIT", 1]]
  Rendering home/page.html.erb within layouts/application
  Rendered home/page.html.erb within layouts/application (0.7ms)
  Rendered layouts/_navbar.html.erb (0.4ms)
Completed 200 OK in 51ms (Views: 48.5ms | ActiveRecord: 0.2ms)


Started GET "/" for 127.0.0.1 at 2017-03-21 22:26:34 +1100
Processing by HomeController#page as HTML
  [1m[36mUser Load (0.2ms)[0m  [1m[34mSELECT  "users".* FROM "users" WHERE "users"."id" = ? ORDER BY "users"."id" ASC LIMIT ?[0m  [["id", 1], ["LIMIT", 1]]
  Rendering home/page.html.erb within layouts/application
  Rendered home/page.html.erb within layouts/application (0.6ms)
  Rendered layouts/_navbar.html.erb (0.4ms)
Completed 200 OK in 53ms (Views: 50.7ms | ActiveRecord: 0.2ms)


Started GET "/menus" for 127.0.0.1 at 2017-03-21 22:26:37 +1100
Processing by MenusController#index as HTML
  [1m[36mUser Load (0.2ms)[0m  [1m[34mSELECT  "users".* FROM "users" WHERE "users"."id" = ? ORDER BY "users"."id" ASC LIMIT ?[0m  [["id", 1], ["LIMIT", 1]]
  Rendering menus/index.html.erb within layouts/application
  [1m[36mMenu Load (0.1ms)[0m  [1m[34mSELECT "menus".* FROM "menus"[0m
  Rendered menus/index.html.erb within layouts/application (5.2ms)
  Rendered layouts/_navbar.html.erb (0.3ms)
Completed 200 OK in 61ms (Views: 55.7ms | ActiveRecord: 0.5ms)


Started GET "/menus/new" for 127.0.0.1 at 2017-03-21 22:26:39 +1100
Processing by MenusController#new as HTML
  [1m[36mUser Load (0.6ms)[0m  [1m[34mSELECT  "users".* FROM "users" WHERE "users"."id" = ? ORDER BY "users"."id" ASC LIMIT ?[0m  [["id", 1], ["LIMIT", 1]]
  Rendering menus/new.html.erb within layouts/application
  Rendered menus/_form.html.erb (20.5ms)
  Rendered menus/new.html.erb within layouts/application (21.7ms)
  Rendered layouts/_navbar.html.erb (0.3ms)
Completed 200 OK in 81ms (Views: 64.3ms | ActiveRecord: 0.9ms)


Started POST "/menus" for 127.0.0.1 at 2017-03-21 22:27:16 +1100
Processing by MenusController#create as HTML
  Parameters: {"utf8"=>"✓", "authenticity_token"=>"P8vrCGHJ2tehY57HuFKRNj7Ik9X/zHalAhEH8RO0B6wpUGUNoIyf9iywB+OF/VLIisni+mnMeBiLpSB6/XSqmw==", "menu"=>{"name"=>"Burger", "description"=>"Made of bread,meat and lettuce", "category"=>"Meals", "price"=>"3", "availability"=>"yes", "picture"=>#<ActionDispatch::Http::UploadedFile:0x007ff79b639620 @tempfile=#<Tempfile:/tmp/RackMultipart20170321-2696-1rlkja8.jpg>, @original_filename="download (2).jpg", @content_type="image/jpeg", @headers="Content-Disposition: form-data; name=\"menu[picture]\"; filename=\"download (2).jpg\"\r\nContent-Type: image/jpeg\r\n">}, "commit"=>"Create Menu"}
  [1m[36mUser Load (0.3ms)[0m  [1m[34mSELECT  "users".* FROM "users" WHERE "users"."id" = ? ORDER BY "users"."id" ASC LIMIT ?[0m  [["id", 1], ["LIMIT", 1]]
  [1m[35m (0.1ms)[0m  [1m[36mbegin transaction[0m
  [1m[35mSQL (2.3ms)[0m  [1m[32mINSERT INTO "menus" ("name", "description", "category", "price", "availability", "created_at", "updated_at", "picture") VALUES (?, ?, ?, ?, ?, ?, ?, ?)[0m  [["name", "Burger"], ["description", "Made of bread,meat and lettuce"], ["category", "Meals"], ["price", "3"], ["availability", true], ["created_at", 2017-03-21 11:27:16 UTC], ["updated_at", 2017-03-21 11:27:16 UTC], ["picture", "download__2_.jpg"]]
  [1m[35m (11.8ms)[0m  [1m[36mcommit transaction[0m
Redirected to http://localhost:3000/menus/1
Completed 302 Found in 31ms (ActiveRecord: 14.5ms)


Started GET "/menus/1" for 127.0.0.1 at 2017-03-21 22:27:16 +1100
Processing by MenusController#show as HTML
  Parameters: {"id"=>"1"}
  [1m[36mUser Load (0.2ms)[0m  [1m[34mSELECT  "users".* FROM "users" WHERE "users"."id" = ? ORDER BY "users"."id" ASC LIMIT ?[0m  [["id", 1], ["LIMIT", 1]]
  [1m[36mMenu Load (0.2ms)[0m  [1m[34mSELECT  "menus".* FROM "menus" WHERE "menus"."id" = ? LIMIT ?[0m  [["id", 1], ["LIMIT", 1]]
  Rendering menus/show.html.erb within layouts/application
  Rendered menus/show.html.erb within layouts/application (6.1ms)
  Rendered layouts/_navbar.html.erb (0.4ms)
Completed 200 OK in 85ms (Views: 78.9ms | ActiveRecord: 0.4ms)


Started GET "/" for 127.0.0.1 at 2017-03-21 22:27:22 +1100
Processing by HomeController#page as HTML
  [1m[36mUser Load (0.2ms)[0m  [1m[34mSELECT  "users".* FROM "users" WHERE "users"."id" = ? ORDER BY "users"."id" ASC LIMIT ?[0m  [["id", 1], ["LIMIT", 1]]
  Rendering home/page.html.erb within layouts/application
  Rendered home/page.html.erb within layouts/application (0.6ms)
  Rendered layouts/_navbar.html.erb (0.5ms)
Completed 200 OK in 59ms (Views: 57.6ms | ActiveRecord: 0.2ms)


Started GET "/menus" for 127.0.0.1 at 2017-03-21 22:27:24 +1100
Processing by MenusController#index as HTML
  [1m[36mUser Load (0.2ms)[0m  [1m[34mSELECT  "users".* FROM "users" WHERE "users"."id" = ? ORDER BY "users"."id" ASC LIMIT ?[0m  [["id", 1], ["LIMIT", 1]]
  Rendering menus/index.html.erb within layouts/application
  [1m[36mMenu Load (0.1ms)[0m  [1m[34mSELECT "menus".* FROM "menus"[0m
  Rendered menus/index.html.erb within layouts/application (2.2ms)
  Rendered layouts/_navbar.html.erb (0.5ms)
Completed 200 OK in 65ms (Views: 59.0ms | ActiveRecord: 0.4ms)


Started GET "/" for 127.0.0.1 at 2017-03-21 22:35:09 +1100
Processing by HomeController#page as HTML
  [1m[36mUser Load (0.1ms)[0m  [1m[34mSELECT  "users".* FROM "users" WHERE "users"."id" = ? ORDER BY "users"."id" ASC LIMIT ?[0m  [["id", 1], ["LIMIT", 1]]
  Rendering home/page.html.erb within layouts/application
  Rendered home/page.html.erb within layouts/application (0.6ms)
  Rendered layouts/_navbar.html.erb (0.4ms)
Completed 200 OK in 146ms (Views: 132.7ms | ActiveRecord: 1.1ms)


Started GET "/item/page" for 127.0.0.1 at 2017-03-21 22:35:14 +1100
Processing by ItemController#page as HTML
  [1m[36mUser Load (0.2ms)[0m  [1m[34mSELECT  "users".* FROM "users" WHERE "users"."id" = ? ORDER BY "users"."id" ASC LIMIT ?[0m  [["id", 1], ["LIMIT", 1]]
  Rendering item/page.html.erb within layouts/application
  Rendered item/page.html.erb within layouts/application (0.4ms)
  Rendered layouts/_navbar.html.erb (0.4ms)
Completed 200 OK in 71ms (Views: 65.6ms | ActiveRecord: 0.2ms)


Started GET "/item/page" for 127.0.0.1 at 2017-03-21 22:36:34 +1100
Processing by ItemController#page as HTML
  [1m[36mUser Load (0.2ms)[0m  [1m[34mSELECT  "users".* FROM "users" WHERE "users"."id" = ? ORDER BY "users"."id" ASC LIMIT ?[0m  [["id", 1], ["LIMIT", 1]]
  Rendering item/page.html.erb within layouts/application
  Rendered item/page.html.erb within layouts/application (0.4ms)
  Rendered layouts/_navbar.html.erb (0.4ms)
Completed 200 OK in 84ms (Views: 82.0ms | ActiveRecord: 0.2ms)


Started GET "/item/page" for 127.0.0.1 at 2017-03-21 22:46:04 +1100
Processing by ItemController#page as HTML
  [1m[36mUser Load (0.1ms)[0m  [1m[34mSELECT  "users".* FROM "users" WHERE "users"."id" = ? ORDER BY "users"."id" ASC LIMIT ?[0m  [["id", 1], ["LIMIT", 1]]
  Rendering item/page.html.erb within layouts/application
  [1m[36mMenu Load (0.1ms)[0m  [1m[34mSELECT "menus".* FROM "menus"[0m
  Rendered item/page.html.erb within layouts/application (8.9ms)
  Rendered layouts/_navbar.html.erb (0.3ms)
Completed 200 OK in 72ms (Views: 55.0ms | ActiveRecord: 1.5ms)


Started GET "/item/page" for 127.0.0.1 at 2017-03-21 22:47:01 +1100
Processing by ItemController#page as HTML
  [1m[36mUser Load (0.2ms)[0m  [1m[34mSELECT  "users".* FROM "users" WHERE "users"."id" = ? ORDER BY "users"."id" ASC LIMIT ?[0m  [["id", 1], ["LIMIT", 1]]
  Rendering item/page.html.erb within layouts/application
  [1m[36mMenu Load (0.1ms)[0m  [1m[34mSELECT "menus".* FROM "menus"[0m
  Rendered item/page.html.erb within layouts/application (3.2ms)
  Rendered layouts/_navbar.html.erb (0.4ms)
Completed 200 OK in 59ms (Views: 56.8ms | ActiveRecord: 0.3ms)


Started GET "/" for 127.0.0.1 at 2017-03-21 22:47:15 +1100
Processing by HomeController#page as HTML
  [1m[36mUser Load (0.2ms)[0m  [1m[34mSELECT  "users".* FROM "users" WHERE "users"."id" = ? ORDER BY "users"."id" ASC LIMIT ?[0m  [["id", 1], ["LIMIT", 1]]
  Rendering home/page.html.erb within layouts/application
  Rendered home/page.html.erb within layouts/application (0.6ms)
  Rendered layouts/_navbar.html.erb (0.3ms)
Completed 200 OK in 43ms (Views: 40.5ms | ActiveRecord: 0.2ms)


Started GET "/menus/new" for 127.0.0.1 at 2017-03-21 22:47:18 +1100
Processing by MenusController#new as HTML
  [1m[36mUser Load (0.2ms)[0m  [1m[34mSELECT  "users".* FROM "users" WHERE "users"."id" = ? ORDER BY "users"."id" ASC LIMIT ?[0m  [["id", 1], ["LIMIT", 1]]
  Rendering menus/new.html.erb within layouts/application
  Rendered menus/_form.html.erb (14.8ms)
  Rendered menus/new.html.erb within layouts/application (19.3ms)
  Rendered layouts/_navbar.html.erb (0.4ms)
Completed 200 OK in 77ms (Views: 75.5ms | ActiveRecord: 0.2ms)


Started POST "/menus" for 127.0.0.1 at 2017-03-21 22:47:37 +1100
Processing by MenusController#create as HTML
  Parameters: {"utf8"=>"✓", "authenticity_token"=>"1jjOZnXsLIeicJr1uvJpeBYvvzW+0KlYiIo7Yd4cRWXAo0BjtKlppi+jA9GHXaqGoi7OGijQp+UBPhzqMNzoUg==", "menu"=>{"name"=>"Burger", "description"=>"something", "category"=>"Meals", "price"=>"2.5", "availability"=>"yes", "picture"=>#<ActionDispatch::Http::UploadedFile:0x000000045845b8 @tempfile=#<Tempfile:/tmp/RackMultipart20170321-2696-zd7ah2.jpg>, @original_filename="download (2).jpg", @content_type="image/jpeg", @headers="Content-Disposition: form-data; name=\"menu[picture]\"; filename=\"download (2).jpg\"\r\nContent-Type: image/jpeg\r\n">}, "commit"=>"Create Menu"}
  [1m[36mUser Load (0.2ms)[0m  [1m[34mSELECT  "users".* FROM "users" WHERE "users"."id" = ? ORDER BY "users"."id" ASC LIMIT ?[0m  [["id", 1], ["LIMIT", 1]]
  [1m[35m (0.1ms)[0m  [1m[36mbegin transaction[0m
  [1m[35mSQL (4.3ms)[0m  [1m[32mINSERT INTO "menus" ("name", "description", "category", "price", "availability", "created_at", "updated_at", "picture") VALUES (?, ?, ?, ?, ?, ?, ?, ?)[0m  [["name", "Burger"], ["description", "something"], ["category", "Meals"], ["price", "2.5"], ["availability", true], ["created_at", 2017-03-21 11:47:37 UTC], ["updated_at", 2017-03-21 11:47:37 UTC], ["picture", "download__2_.jpg"]]
  [1m[35m (8.0ms)[0m  [1m[36mcommit transaction[0m
Redirected to http://localhost:3000/menus/2
Completed 302 Found in 29ms (ActiveRecord: 12.5ms)


Started GET "/menus/2" for 127.0.0.1 at 2017-03-21 22:47:37 +1100
Processing by MenusController#show as HTML
  Parameters: {"id"=>"2"}
  [1m[36mUser Load (0.2ms)[0m  [1m[34mSELECT  "users".* FROM "users" WHERE "users"."id" = ? ORDER BY "users"."id" ASC LIMIT ?[0m  [["id", 1], ["LIMIT", 1]]
  [1m[36mMenu Load (0.1ms)[0m  [1m[34mSELECT  "menus".* FROM "menus" WHERE "menus"."id" = ? LIMIT ?[0m  [["id", 2], ["LIMIT", 1]]
  Rendering menus/show.html.erb within layouts/application
  Rendered menus/show.html.erb within layouts/application (1.2ms)
  Rendered layouts/_navbar.html.erb (1.9ms)
Completed 200 OK in 86ms (Views: 83.1ms | ActiveRecord: 0.3ms)


Started GET "/menus" for 127.0.0.1 at 2017-03-21 22:47:39 +1100
Processing by MenusController#index as HTML
  [1m[36mUser Load (0.2ms)[0m  [1m[34mSELECT  "users".* FROM "users" WHERE "users"."id" = ? ORDER BY "users"."id" ASC LIMIT ?[0m  [["id", 1], ["LIMIT", 1]]
  Rendering menus/index.html.erb within layouts/application
  [1m[36mMenu Load (0.1ms)[0m  [1m[34mSELECT "menus".* FROM "menus"[0m
  Rendered menus/index.html.erb within layouts/application (4.0ms)
  Rendered layouts/_navbar.html.erb (0.4ms)
Completed 200 OK in 74ms (Views: 72.0ms | ActiveRecord: 0.3ms)


Started GET "/menus/new" for 127.0.0.1 at 2017-03-21 22:47:41 +1100
Processing by MenusController#new as HTML
  [1m[36mUser Load (0.2ms)[0m  [1m[34mSELECT  "users".* FROM "users" WHERE "users"."id" = ? ORDER BY "users"."id" ASC LIMIT ?[0m  [["id", 1], ["LIMIT", 1]]
  Rendering menus/new.html.erb within layouts/application
  Rendered menus/_form.html.erb (26.7ms)
  Rendered menus/new.html.erb within layouts/application (30.8ms)
  Rendered layouts/_navbar.html.erb (0.3ms)
Completed 200 OK in 94ms (Views: 92.4ms | ActiveRecord: 0.2ms)


Started POST "/menus" for 127.0.0.1 at 2017-03-21 22:48:01 +1100
Processing by MenusController#create as HTML
  Parameters: {"utf8"=>"✓", "authenticity_token"=>"N17iFMMxcKxutKL7G8HQpd2MTjP9jb2Q+GoMd6OUXpkhxWwRAnQ1jeNnO98mbhNbaY0/HGuNsy1x3iv8TVTzrg==", "menu"=>{"name"=>"Pizza", "description"=>"something", "category"=>"Drinks", "price"=>"2.5", "availability"=>"yes", "picture"=>#<ActionDispatch::Http::UploadedFile:0x007ff7a0af9bb0 @tempfile=#<Tempfile:/tmp/RackMultipart20170321-2696-157tekp.jpg>, @original_filename="download.jpg", @content_type="image/jpeg", @headers="Content-Disposition: form-data; name=\"menu[picture]\"; filename=\"download.jpg\"\r\nContent-Type: image/jpeg\r\n">}, "commit"=>"Create Menu"}
  [1m[36mUser Load (0.2ms)[0m  [1m[34mSELECT  "users".* FROM "users" WHERE "users"."id" = ? ORDER BY "users"."id" ASC LIMIT ?[0m  [["id", 1], ["LIMIT", 1]]
  [1m[35m (0.1ms)[0m  [1m[36mbegin transaction[0m
  [1m[35mSQL (1.4ms)[0m  [1m[32mINSERT INTO "menus" ("name", "description", "category", "price", "availability", "created_at", "updated_at", "picture") VALUES (?, ?, ?, ?, ?, ?, ?, ?)[0m  [["name", "Pizza"], ["description", "something"], ["category", "Drinks"], ["price", "2.5"], ["availability", true], ["created_at", 2017-03-21 11:48:01 UTC], ["updated_at", 2017-03-21 11:48:01 UTC], ["picture", "download.jpg"]]
  [1m[35m (9.4ms)[0m  [1m[36mcommit transaction[0m
Redirected to http://localhost:3000/menus/3
Completed 302 Found in 30ms (ActiveRecord: 11.1ms)


Started GET "/menus/3" for 127.0.0.1 at 2017-03-21 22:48:01 +1100
Processing by MenusController#show as HTML
  Parameters: {"id"=>"3"}
  [1m[36mUser Load (0.2ms)[0m  [1m[34mSELECT  "users".* FROM "users" WHERE "users"."id" = ? ORDER BY "users"."id" ASC LIMIT ?[0m  [["id", 1], ["LIMIT", 1]]
  [1m[36mMenu Load (0.1ms)[0m  [1m[34mSELECT  "menus".* FROM "menus" WHERE "menus"."id" = ? LIMIT ?[0m  [["id", 3], ["LIMIT", 1]]
  Rendering menus/show.html.erb within layouts/application
  Rendered menus/show.html.erb within layouts/application (1.1ms)
  Rendered layouts/_navbar.html.erb (1.9ms)
Completed 200 OK in 114ms (Views: 112.0ms | ActiveRecord: 0.3ms)


Started GET "/menus" for 127.0.0.1 at 2017-03-21 22:48:03 +1100
Processing by MenusController#index as HTML
  [1m[36mUser Load (0.2ms)[0m  [1m[34mSELECT  "users".* FROM "users" WHERE "users"."id" = ? ORDER BY "users"."id" ASC LIMIT ?[0m  [["id", 1], ["LIMIT", 1]]
  Rendering menus/index.html.erb within layouts/application
  [1m[36mMenu Load (0.2ms)[0m  [1m[34mSELECT "menus".* FROM "menus"[0m
  Rendered menus/index.html.erb within layouts/application (5.0ms)
  Rendered layouts/_navbar.html.erb (0.4ms)
Completed 200 OK in 99ms (Views: 95.3ms | ActiveRecord: 0.3ms)


Started GET "/menus/new" for 127.0.0.1 at 2017-03-21 22:48:04 +1100
Processing by MenusController#new as HTML
  [1m[36mUser Load (0.2ms)[0m  [1m[34mSELECT  "users".* FROM "users" WHERE "users"."id" = ? ORDER BY "users"."id" ASC LIMIT ?[0m  [["id", 1], ["LIMIT", 1]]
  Rendering menus/new.html.erb within layouts/application
  Rendered menus/_form.html.erb (20.3ms)
  Rendered menus/new.html.erb within layouts/application (21.5ms)
  Rendered layouts/_navbar.html.erb (0.4ms)
Completed 200 OK in 86ms (Views: 83.1ms | ActiveRecord: 0.2ms)


Started POST "/menus" for 127.0.0.1 at 2017-03-21 22:48:23 +1100
Processing by MenusController#create as HTML
  Parameters: {"utf8"=>"✓", "authenticity_token"=>"BFrgFuXaT/WV12MAyVWePTxGXbhQ4F/urwWc9vxjrm8SwW4TJJ8K1BgE+iT0+l3DiEcsl8bgUVMmsbt9EqMDWA==", "menu"=>{"name"=>"Pizza", "description"=>"something", "category"=>"Snacks", "price"=>"3.5", "availability"=>"yes", "picture"=>#<ActionDispatch::Http::UploadedFile:0x007ff79a817060 @tempfile=#<Tempfile:/tmp/RackMultipart20170321-2696-9klfco.jpg>, @original_filename="download.jpg", @content_type="image/jpeg", @headers="Content-Disposition: form-data; name=\"menu[picture]\"; filename=\"download.jpg\"\r\nContent-Type: image/jpeg\r\n">}, "commit"=>"Create Menu"}
  [1m[36mUser Load (0.2ms)[0m  [1m[34mSELECT  "users".* FROM "users" WHERE "users"."id" = ? ORDER BY "users"."id" ASC LIMIT ?[0m  [["id", 1], ["LIMIT", 1]]
  [1m[35m (0.1ms)[0m  [1m[36mbegin transaction[0m
  [1m[35mSQL (3.3ms)[0m  [1m[32mINSERT INTO "menus" ("name", "description", "category", "price", "availability", "created_at", "updated_at", "picture") VALUES (?, ?, ?, ?, ?, ?, ?, ?)[0m  [["name", "Pizza"], ["description", "something"], ["category", "Snacks"], ["price", "3.5"], ["availability", true], ["created_at", 2017-03-21 11:48:23 UTC], ["updated_at", 2017-03-21 11:48:23 UTC], ["picture", "download.jpg"]]
  [1m[35m (8.1ms)[0m  [1m[36mcommit transaction[0m
Redirected to http://localhost:3000/menus/4
Completed 302 Found in 30ms (ActiveRecord: 11.6ms)


Started GET "/menus/4" for 127.0.0.1 at 2017-03-21 22:48:23 +1100
Processing by MenusController#show as HTML
  Parameters: {"id"=>"4"}
  [1m[36mUser Load (0.2ms)[0m  [1m[34mSELECT  "users".* FROM "users" WHERE "users"."id" = ? ORDER BY "users"."id" ASC LIMIT ?[0m  [["id", 1], ["LIMIT", 1]]
  [1m[36mMenu Load (0.1ms)[0m  [1m[34mSELECT  "menus".* FROM "menus" WHERE "menus"."id" = ? LIMIT ?[0m  [["id", 4], ["LIMIT", 1]]
  Rendering menus/show.html.erb within layouts/application
  Rendered menus/show.html.erb within layouts/application (1.4ms)
  Rendered layouts/_navbar.html.erb (0.5ms)
Completed 200 OK in 112ms (Views: 108.7ms | ActiveRecord: 0.3ms)


Started GET "/menus" for 127.0.0.1 at 2017-03-21 22:48:26 +1100
Processing by MenusController#index as HTML
  [1m[36mUser Load (0.2ms)[0m  [1m[34mSELECT  "users".* FROM "users" WHERE "users"."id" = ? ORDER BY "users"."id" ASC LIMIT ?[0m  [["id", 1], ["LIMIT", 1]]
  Rendering menus/index.html.erb within layouts/application
  [1m[36mMenu Load (0.1ms)[0m  [1m[34mSELECT "menus".* FROM "menus"[0m
  Rendered menus/index.html.erb within layouts/application (2.0ms)
  Rendered layouts/_navbar.html.erb (0.5ms)
Completed 200 OK in 55ms (Views: 51.7ms | ActiveRecord: 0.3ms)


Started GET "/" for 127.0.0.1 at 2017-03-21 22:48:27 +1100
Processing by HomeController#page as HTML
  [1m[36mUser Load (0.3ms)[0m  [1m[34mSELECT  "users".* FROM "users" WHERE "users"."id" = ? ORDER BY "users"."id" ASC LIMIT ?[0m  [["id", 1], ["LIMIT", 1]]
  Rendering home/page.html.erb within layouts/application
  Rendered home/page.html.erb within layouts/application (0.5ms)
  Rendered layouts/_navbar.html.erb (0.4ms)
Completed 200 OK in 48ms (Views: 46.0ms | ActiveRecord: 0.3ms)


Started GET "/item/page" for 127.0.0.1 at 2017-03-21 22:48:29 +1100
Processing by ItemController#page as HTML
  [1m[36mUser Load (0.2ms)[0m  [1m[34mSELECT  "users".* FROM "users" WHERE "users"."id" = ? ORDER BY "users"."id" ASC LIMIT ?[0m  [["id", 1], ["LIMIT", 1]]
  Rendering item/page.html.erb within layouts/application
  [1m[36mMenu Load (0.2ms)[0m  [1m[34mSELECT "menus".* FROM "menus"[0m
  Rendered item/page.html.erb within layouts/application (6.0ms)
  Rendered layouts/_navbar.html.erb (0.4ms)
Completed 200 OK in 72ms (Views: 69.6ms | ActiveRecord: 0.3ms)


Started GET "/item/page" for 127.0.0.1 at 2017-03-21 22:53:01 +1100
Processing by ItemController#page as HTML
  [1m[36mUser Load (0.2ms)[0m  [1m[34mSELECT  "users".* FROM "users" WHERE "users"."id" = ? ORDER BY "users"."id" ASC LIMIT ?[0m  [["id", 1], ["LIMIT", 1]]
  Rendering item/page.html.erb within layouts/application
  [1m[36mMenu Load (0.2ms)[0m  [1m[34mSELECT "menus".* FROM "menus"[0m
  Rendered item/page.html.erb within layouts/application (3.0ms)
  Rendered layouts/_navbar.html.erb (0.7ms)
Completed 200 OK in 67ms (Views: 64.2ms | ActiveRecord: 0.4ms)


Started GET "/item/page" for 127.0.0.1 at 2017-03-21 22:54:40 +1100
Processing by ItemController#page as HTML
  [1m[36mUser Load (0.2ms)[0m  [1m[34mSELECT  "users".* FROM "users" WHERE "users"."id" = ? ORDER BY "users"."id" ASC LIMIT ?[0m  [["id", 1], ["LIMIT", 1]]
  Rendering item/page.html.erb within layouts/application
  [1m[36mMenu Load (0.1ms)[0m  [1m[34mSELECT "menus".* FROM "menus"[0m
  Rendered item/page.html.erb within layouts/application (6.1ms)
  Rendered layouts/_navbar.html.erb (0.4ms)
Completed 200 OK in 66ms (Views: 63.7ms | ActiveRecord: 0.3ms)


Started GET "/menus" for 127.0.0.1 at 2017-03-21 22:54:49 +1100
Processing by MenusController#index as HTML
  [1m[36mUser Load (0.2ms)[0m  [1m[34mSELECT  "users".* FROM "users" WHERE "users"."id" = ? ORDER BY "users"."id" ASC LIMIT ?[0m  [["id", 1], ["LIMIT", 1]]
  Rendering menus/index.html.erb within layouts/application
  [1m[36mMenu Load (0.1ms)[0m  [1m[34mSELECT "menus".* FROM "menus"[0m
  Rendered menus/index.html.erb within layouts/application (1.8ms)
  Rendered layouts/_navbar.html.erb (0.4ms)
Completed 200 OK in 47ms (Views: 44.7ms | ActiveRecord: 0.3ms)


Started DELETE "/menus/3" for 127.0.0.1 at 2017-03-21 22:54:53 +1100
Processing by MenusController#destroy as HTML
  Parameters: {"authenticity_token"=>"FK5tNeF2m3qyNN0ZKFfa46vbgLytmuutl5EnXnn18ngCNeMwIDPeWz/nRD0V+BkdH9rxkzua5RAeJQDVlzVfTw==", "id"=>"3"}
  [1m[36mUser Load (0.2ms)[0m  [1m[34mSELECT  "users".* FROM "users" WHERE "users"."id" = ? ORDER BY "users"."id" ASC LIMIT ?[0m  [["id", 1], ["LIMIT", 1]]
  [1m[36mMenu Load (0.1ms)[0m  [1m[34mSELECT  "menus".* FROM "menus" WHERE "menus"."id" = ? LIMIT ?[0m  [["id", 3], ["LIMIT", 1]]
  [1m[35m (0.0ms)[0m  [1m[36mbegin transaction[0m
  [1m[35mSQL (1.2ms)[0m  [1m[31mDELETE FROM "menus" WHERE "menus"."id" = ?[0m  [["id", 3]]
  [1m[35m (9.5ms)[0m  [1m[36mcommit transaction[0m
Redirected to http://localhost:3000/menus
Completed 302 Found in 19ms (ActiveRecord: 10.9ms)


Started GET "/menus" for 127.0.0.1 at 2017-03-21 22:54:53 +1100
Processing by MenusController#index as HTML
  [1m[36mUser Load (0.2ms)[0m  [1m[34mSELECT  "users".* FROM "users" WHERE "users"."id" = ? ORDER BY "users"."id" ASC LIMIT ?[0m  [["id", 1], ["LIMIT", 1]]
  Rendering menus/index.html.erb within layouts/application
  [1m[36mMenu Load (0.2ms)[0m  [1m[34mSELECT "menus".* FROM "menus"[0m
  Rendered menus/index.html.erb within layouts/application (3.2ms)
  Rendered layouts/_navbar.html.erb (0.5ms)
Completed 200 OK in 95ms (Views: 92.3ms | ActiveRecord: 0.4ms)


Started DELETE "/menus/4" for 127.0.0.1 at 2017-03-21 22:54:56 +1100
Processing by MenusController#destroy as HTML
  Parameters: {"authenticity_token"=>"wiO/AkFrWKcQfxCmiCdHtg4s2KGaqP8g1jftC9zGj1TUuDEHgC4dhp2siYK1iIRIui2pjgyo8Z1fg8qAMgYiYw==", "id"=>"4"}
  [1m[36mUser Load (0.2ms)[0m  [1m[34mSELECT  "users".* FROM "users" WHERE "users"."id" = ? ORDER BY "users"."id" ASC LIMIT ?[0m  [["id", 1], ["LIMIT", 1]]
  [1m[36mMenu Load (0.0ms)[0m  [1m[34mSELECT  "menus".* FROM "menus" WHERE "menus"."id" = ? LIMIT ?[0m  [["id", 4], ["LIMIT", 1]]
  [1m[35m (0.0ms)[0m  [1m[36mbegin transaction[0m
  [1m[35mSQL (3.0ms)[0m  [1m[31mDELETE FROM "menus" WHERE "menus"."id" = ?[0m  [["id", 4]]
  [1m[35m (7.9ms)[0m  [1m[36mcommit transaction[0m
Redirected to http://localhost:3000/menus
Completed 302 Found in 17ms (ActiveRecord: 11.2ms)


Started GET "/menus" for 127.0.0.1 at 2017-03-21 22:54:57 +1100
Processing by MenusController#index as HTML
  [1m[36mUser Load (0.1ms)[0m  [1m[34mSELECT  "users".* FROM "users" WHERE "users"."id" = ? ORDER BY "users"."id" ASC LIMIT ?[0m  [["id", 1], ["LIMIT", 1]]
  Rendering menus/index.html.erb within layouts/application
  [1m[36mMenu Load (0.2ms)[0m  [1m[34mSELECT "menus".* FROM "menus"[0m
  Rendered menus/index.html.erb within layouts/application (2.3ms)
  Rendered layouts/_navbar.html.erb (0.6ms)
Completed 200 OK in 83ms (Views: 80.9ms | ActiveRecord: 0.3ms)


Started GET "/menus/new" for 127.0.0.1 at 2017-03-21 22:54:58 +1100
Processing by MenusController#new as HTML
  [1m[36mUser Load (0.2ms)[0m  [1m[34mSELECT  "users".* FROM "users" WHERE "users"."id" = ? ORDER BY "users"."id" ASC LIMIT ?[0m  [["id", 1], ["LIMIT", 1]]
  Rendering menus/new.html.erb within layouts/application
  Rendered menus/_form.html.erb (19.9ms)
  Rendered menus/new.html.erb within layouts/application (23.8ms)
  Rendered layouts/_navbar.html.erb (0.3ms)
Completed 200 OK in 74ms (Views: 71.7ms | ActiveRecord: 0.2ms)


Started POST "/menus" for 127.0.0.1 at 2017-03-21 22:55:56 +1100
Processing by MenusController#create as HTML
  Parameters: {"utf8"=>"✓", "authenticity_token"=>"FH9Baq1hNFv3tDPqWlOIVYt0fDroq3DHPcGZ5NE6vjwC5M9vbCRxenpnqs5n/EurP3UNFX6rfnq0db5vP/oTCw==", "menu"=>{"name"=>"Burger", "description"=>"something", "category"=>"Meals", "price"=>"4", "availability"=>"yes", "picture"=>#<ActionDispatch::Http::UploadedFile:0x007ff79054bb88 @tempfile=#<Tempfile:/tmp/RackMultipart20170321-2696-1pz8zah.jpg>, @original_filename="download (2).jpg", @content_type="image/jpeg", @headers="Content-Disposition: form-data; name=\"menu[picture]\"; filename=\"download (2).jpg\"\r\nContent-Type: image/jpeg\r\n">}, "commit"=>"Create Menu"}
  [1m[36mUser Load (0.2ms)[0m  [1m[34mSELECT  "users".* FROM "users" WHERE "users"."id" = ? ORDER BY "users"."id" ASC LIMIT ?[0m  [["id", 1], ["LIMIT", 1]]
  [1m[35m (0.0ms)[0m  [1m[36mbegin transaction[0m
  [1m[35mSQL (1.7ms)[0m  [1m[32mINSERT INTO "menus" ("name", "description", "category", "price", "availability", "created_at", "updated_at", "picture") VALUES (?, ?, ?, ?, ?, ?, ?, ?)[0m  [["name", "Burger"], ["description", "something"], ["category", "Meals"], ["price", "4"], ["availability", true], ["created_at", 2017-03-21 11:55:56 UTC], ["updated_at", 2017-03-21 11:55:56 UTC], ["picture", "download__2_.jpg"]]
  [1m[35m (8.6ms)[0m  [1m[36mcommit transaction[0m
Redirected to http://localhost:3000/menus/5
Completed 302 Found in 26ms (ActiveRecord: 10.5ms)


Started GET "/menus/5" for 127.0.0.1 at 2017-03-21 22:55:56 +1100
Processing by MenusController#show as HTML
  Parameters: {"id"=>"5"}
  [1m[36mUser Load (0.2ms)[0m  [1m[34mSELECT  "users".* FROM "users" WHERE "users"."id" = ? ORDER BY "users"."id" ASC LIMIT ?[0m  [["id", 1], ["LIMIT", 1]]
  [1m[36mMenu Load (0.0ms)[0m  [1m[34mSELECT  "menus".* FROM "menus" WHERE "menus"."id" = ? LIMIT ?[0m  [["id", 5], ["LIMIT", 1]]
  Rendering menus/show.html.erb within layouts/application
  Rendered menus/show.html.erb within layouts/application (1.0ms)
  Rendered layouts/_navbar.html.erb (0.4ms)
Completed 200 OK in 128ms (Views: 125.8ms | ActiveRecord: 0.2ms)


Started GET "/menus" for 127.0.0.1 at 2017-03-21 22:56:00 +1100
Processing by MenusController#index as HTML
  [1m[36mUser Load (0.2ms)[0m  [1m[34mSELECT  "users".* FROM "users" WHERE "users"."id" = ? ORDER BY "users"."id" ASC LIMIT ?[0m  [["id", 1], ["LIMIT", 1]]
  Rendering menus/index.html.erb within layouts/application
  [1m[36mMenu Load (0.1ms)[0m  [1m[34mSELECT "menus".* FROM "menus"[0m
  Rendered menus/index.html.erb within layouts/application (4.5ms)
  Rendered layouts/_navbar.html.erb (0.3ms)
Completed 200 OK in 66ms (Views: 63.8ms | ActiveRecord: 0.3ms)


Started GET "/items" for 127.0.0.1 at 2017-03-21 22:56:02 +1100
  
ActionController::RoutingError (No route matches [GET] "/items"):
  
actionpack (5.0.1) lib/action_dispatch/middleware/debug_exceptions.rb:53:in `call'
web-console (3.4.0) lib/web_console/middleware.rb:135:in `call_app'
web-console (3.4.0) lib/web_console/middleware.rb:28:in `block in call'
web-console (3.4.0) lib/web_console/middleware.rb:18:in `catch'
web-console (3.4.0) lib/web_console/middleware.rb:18:in `call'
actionpack (5.0.1) lib/action_dispatch/middleware/show_exceptions.rb:31:in `call'
railties (5.0.1) lib/rails/rack/logger.rb:36:in `call_app'
railties (5.0.1) lib/rails/rack/logger.rb:24:in `block in call'
activesupport (5.0.1) lib/active_support/tagged_logging.rb:69:in `block in tagged'
activesupport (5.0.1) lib/active_support/tagged_logging.rb:26:in `tagged'
activesupport (5.0.1) lib/active_support/tagged_logging.rb:69:in `tagged'
railties (5.0.1) lib/rails/rack/logger.rb:24:in `call'
sprockets-rails (3.2.0) lib/sprockets/rails/quiet_assets.rb:13:in `call'
actionpack (5.0.1) lib/action_dispatch/middleware/request_id.rb:24:in `call'
rack (2.0.1) lib/rack/method_override.rb:22:in `call'
rack (2.0.1) lib/rack/runtime.rb:22:in `call'
activesupport (5.0.1) lib/active_support/cache/strategy/local_cache_middleware.rb:28:in `call'
actionpack (5.0.1) lib/action_dispatch/middleware/executor.rb:12:in `call'
actionpack (5.0.1) lib/action_dispatch/middleware/static.rb:136:in `call'
rack (2.0.1) lib/rack/sendfile.rb:111:in `call'
railties (5.0.1) lib/rails/engine.rb:522:in `call'
puma (3.6.2) lib/puma/configuration.rb:225:in `call'
puma (3.6.2) lib/puma/server.rb:578:in `handle_request'
puma (3.6.2) lib/puma/server.rb:415:in `process_client'
puma (3.6.2) lib/puma/server.rb:275:in `block in run'
puma (3.6.2) lib/puma/thread_pool.rb:116:in `block in spawn_thread'
  Rendering /home/nandini/.rvm/gems/ruby-2.3.1@rails500/gems/actionpack-5.0.1/lib/action_dispatch/middleware/templates/rescues/routing_error.html.erb within rescues/layout
  Rendering /home/nandini/.rvm/gems/ruby-2.3.1@rails500/gems/actionpack-5.0.1/lib/action_dispatch/middleware/templates/rescues/_trace.html.erb
  Rendered /home/nandini/.rvm/gems/ruby-2.3.1@rails500/gems/actionpack-5.0.1/lib/action_dispatch/middleware/templates/rescues/_trace.html.erb (1.5ms)
  Rendered collection of /home/nandini/.rvm/gems/ruby-2.3.1@rails500/gems/actionpack-5.0.1/lib/action_dispatch/middleware/templates/routes/_route.html.erb [25 times] (7.3ms)
  Rendered /home/nandini/.rvm/gems/ruby-2.3.1@rails500/gems/actionpack-5.0.1/lib/action_dispatch/middleware/templates/routes/_table.html.erb (2.1ms)
  Rendering /home/nandini/.rvm/gems/ruby-2.3.1@rails500/gems/actionpack-5.0.1/lib/action_dispatch/middleware/templates/rescues/_request_and_response.html.erb
  Rendered /home/nandini/.rvm/gems/ruby-2.3.1@rails500/gems/actionpack-5.0.1/lib/action_dispatch/middleware/templates/rescues/_request_and_response.html.erb (1.1ms)
  Rendered /home/nandini/.rvm/gems/ruby-2.3.1@rails500/gems/actionpack-5.0.1/lib/action_dispatch/middleware/templates/rescues/routing_error.html.erb within rescues/layout (36.1ms)
Started GET "/item/page" for 127.0.0.1 at 2017-03-21 22:56:06 +1100
Processing by ItemController#page as HTML
  [1m[36mUser Load (0.2ms)[0m  [1m[34mSELECT  "users".* FROM "users" WHERE "users"."id" = ? ORDER BY "users"."id" ASC LIMIT ?[0m  [["id", 1], ["LIMIT", 1]]
  Rendering item/page.html.erb within layouts/application
  [1m[36mMenu Load (0.1ms)[0m  [1m[34mSELECT "menus".* FROM "menus"[0m
  Rendered item/page.html.erb within layouts/application (6.1ms)
  Rendered layouts/_navbar.html.erb (0.4ms)
Completed 200 OK in 54ms (Views: 52.0ms | ActiveRecord: 0.3ms)


  [1m[36mActiveRecord::SchemaMigration Load (0.1ms)[0m  [1m[34mSELECT "schema_migrations".* FROM "schema_migrations"[0m
Migrating to CreateOrders (20170321125555)
  [1m[35m (0.1ms)[0m  [1m[36mbegin transaction[0m
  [1m[35m (1.1ms)[0m  [1m[35mCREATE TABLE "orders" ("id" INTEGER PRIMARY KEY AUTOINCREMENT NOT NULL, "menu_id" integer, "user_id" integer, "quantity" varchar, "created_at" datetime NOT NULL, "updated_at" datetime NOT NULL)[0m
  [1m[35m (0.1ms)[0m  [1m[34mselect sqlite_version(*)[0m
  [1m[35m (0.1ms)[0m  [1m[35mCREATE  INDEX "index_orders_on_menu_id" ON "orders" ("menu_id")[0m
  [1m[35m (0.1ms)[0m  [1m[34m            SELECT sql
            FROM sqlite_master
            WHERE name='index_orders_on_menu_id' AND type='index'
            UNION ALL
            SELECT sql
            FROM sqlite_temp_master
            WHERE name='index_orders_on_menu_id' AND type='index'
[0m
  [1m[35m (0.1ms)[0m  [1m[35mCREATE  INDEX "index_orders_on_user_id" ON "orders" ("user_id")[0m
  [1m[35mSQL (0.2ms)[0m  [1m[32mINSERT INTO "schema_migrations" ("version") VALUES (?)[0m  [["version", "20170321125555"]]
  [1m[35m (8.4ms)[0m  [1m[36mcommit transaction[0m
  [1m[36mActiveRecord::InternalMetadata Load (0.1ms)[0m  [1m[34mSELECT  "ar_internal_metadata".* FROM "ar_internal_metadata" WHERE "ar_internal_metadata"."key" = ? LIMIT ?[0m  [["key", :environment], ["LIMIT", 1]]
  [1m[35m (0.1ms)[0m  [1m[36mbegin transaction[0m
  [1m[35m (0.1ms)[0m  [1m[36mcommit transaction[0m
  [1m[36mActiveRecord::SchemaMigration Load (0.1ms)[0m  [1m[34mSELECT "schema_migrations".* FROM "schema_migrations"[0m
  [1m[35m (0.1ms)[0m  [1m[34m            SELECT sql
            FROM sqlite_master
            WHERE name='index_orders_on_user_id' AND type='index'
            UNION ALL
            SELECT sql
            FROM sqlite_temp_master
            WHERE name='index_orders_on_user_id' AND type='index'
[0m
  [1m[35m (0.1ms)[0m  [1m[34m            SELECT sql
            FROM sqlite_master
            WHERE name='index_orders_on_menu_id' AND type='index'
            UNION ALL
            SELECT sql
            FROM sqlite_temp_master
            WHERE name='index_orders_on_menu_id' AND type='index'
[0m
  [1m[35m (0.1ms)[0m  [1m[34m            SELECT sql
            FROM sqlite_master
            WHERE name='index_users_on_reset_password_token' AND type='index'
            UNION ALL
            SELECT sql
            FROM sqlite_temp_master
            WHERE name='index_users_on_reset_password_token' AND type='index'
[0m
  [1m[35m (0.1ms)[0m  [1m[34m            SELECT sql
            FROM sqlite_master
            WHERE name='index_users_on_email' AND type='index'
            UNION ALL
            SELECT sql
            FROM sqlite_temp_master
            WHERE name='index_users_on_email' AND type='index'
[0m
Started GET "/" for 127.0.0.1 at 2017-03-21 23:57:01 +1100
  [1m[36mActiveRecord::SchemaMigration Load (4.1ms)[0m  [1m[34mSELECT "schema_migrations".* FROM "schema_migrations"[0m
Processing by HomeController#page as HTML
Completed 401 Unauthorized in 39ms (ActiveRecord: 0.0ms)


Started GET "/users/sign_in" for 127.0.0.1 at 2017-03-21 23:57:02 +1100
Processing by Devise::SessionsController#new as HTML
  Rendering devise/sessions/new.html.erb within layouts/application
  Rendered devise/shared/_links.html.erb (1.3ms)
  Rendered devise/sessions/new.html.erb within layouts/application (70.7ms)
  Rendered layouts/_navbar.html.erb (0.4ms)
Completed 200 OK in 692ms (Views: 672.0ms | ActiveRecord: 0.6ms)


Started POST "/users/sign_in" for 127.0.0.1 at 2017-03-21 23:57:07 +1100
Processing by Devise::SessionsController#create as HTML
  Parameters: {"utf8"=>"✓", "authenticity_token"=>"pCjYr98bSWBvTtcU18KgEnfjG6JnpHr2eYbR2B5zlc/LMVV4cQRKmALQ0b58ZGH8v+cd86lA6vEoRN3CS558FA==", "user"=>{"email"=>"nandini@student.com", "password"=>"[FILTERED]", "remember_me"=>"0"}, "commit"=>"Log in"}
  [1m[36mUser Load (0.3ms)[0m  [1m[34mSELECT  "users".* FROM "users" WHERE "users"."email" = ? ORDER BY "users"."id" ASC LIMIT ?[0m  [["email", "nandini@student.com"], ["LIMIT", 1]]
  [1m[35m (0.1ms)[0m  [1m[36mbegin transaction[0m
  [1m[35mSQL (1.8ms)[0m  [1m[33mUPDATE "users" SET "current_sign_in_at" = ?, "sign_in_count" = ?, "updated_at" = ? WHERE "users"."id" = ?[0m  [["current_sign_in_at", 2017-03-21 12:57:07 UTC], ["sign_in_count", 2], ["updated_at", 2017-03-21 12:57:07 UTC], ["id", 1]]
  [1m[35m (9.6ms)[0m  [1m[36mcommit transaction[0m
Redirected to http://localhost:3000/
Completed 302 Found in 201ms (ActiveRecord: 11.8ms)


Started GET "/" for 127.0.0.1 at 2017-03-21 23:57:07 +1100
Processing by HomeController#page as HTML
  [1m[36mUser Load (0.2ms)[0m  [1m[34mSELECT  "users".* FROM "users" WHERE "users"."id" = ? ORDER BY "users"."id" ASC LIMIT ?[0m  [["id", 1], ["LIMIT", 1]]
  Rendering home/page.html.erb within layouts/application
  Rendered home/page.html.erb within layouts/application (0.7ms)
  Rendered layouts/_navbar.html.erb (0.5ms)
Completed 200 OK in 97ms (Views: 88.2ms | ActiveRecord: 0.2ms)


Started GET "/orders/new" for 127.0.0.1 at 2017-03-21 23:57:14 +1100
Processing by OrdersController#new as HTML
  [1m[36mUser Load (0.2ms)[0m  [1m[34mSELECT  "users".* FROM "users" WHERE "users"."id" = ? ORDER BY "users"."id" ASC LIMIT ?[0m  [["id", 1], ["LIMIT", 1]]
  Rendering orders/new.html.erb within layouts/application
  [1m[36mMenu Load (0.2ms)[0m  [1m[34mSELECT "menus".* FROM "menus"[0m
  [1m[36mUser Load (0.6ms)[0m  [1m[34mSELECT "users".* FROM "users"[0m
  Rendered orders/_form.html.erb (98.0ms)
  Rendered orders/new.html.erb within layouts/application (99.5ms)
  Rendered layouts/_navbar.html.erb (0.4ms)
Completed 200 OK in 247ms (Views: 215.7ms | ActiveRecord: 2.6ms)


Started GET "/" for 127.0.0.1 at 2017-03-22 08:18:26 +1100
Processing by HomeController#page as HTML
  [1m[36mUser Load (3.0ms)[0m  [1m[34mSELECT  "users".* FROM "users" WHERE "users"."id" = ? ORDER BY "users"."id" ASC LIMIT ?[0m  [["id", 1], ["LIMIT", 1]]
  Rendering home/page.html.erb within layouts/application
  Rendered home/page.html.erb within layouts/application (0.6ms)
  Rendered layouts/_navbar.html.erb (0.3ms)
Completed 200 OK in 50ms (Views: 44.8ms | ActiveRecord: 3.0ms)


Started GET "/orders/new" for 127.0.0.1 at 2017-03-22 08:18:28 +1100
Processing by OrdersController#new as HTML
  [1m[36mUser Load (0.2ms)[0m  [1m[34mSELECT  "users".* FROM "users" WHERE "users"."id" = ? ORDER BY "users"."id" ASC LIMIT ?[0m  [["id", 1], ["LIMIT", 1]]
  Rendering orders/new.html.erb within layouts/application
  [1m[36mMenu Load (0.1ms)[0m  [1m[34mSELECT "menus".* FROM "menus"[0m
  [1m[36mUser Load (0.1ms)[0m  [1m[34mSELECT "users".* FROM "users"[0m
  Rendered orders/_form.html.erb (16.6ms)
  Rendered orders/new.html.erb within layouts/application (17.5ms)
  Rendered layouts/_navbar.html.erb (0.3ms)
Completed 200 OK in 73ms (Views: 69.1ms | ActiveRecord: 0.4ms)


Started GET "/orders/new" for 127.0.0.1 at 2017-03-22 08:25:48 +1100
Processing by OrdersController#new as HTML
  [1m[36mUser Load (0.1ms)[0m  [1m[34mSELECT  "users".* FROM "users" WHERE "users"."id" = ? ORDER BY "users"."id" ASC LIMIT ?[0m  [["id", 1], ["LIMIT", 1]]
  Rendering orders/new.html.erb within layouts/application
  [1m[36mMenu Load (0.1ms)[0m  [1m[34mSELECT "menus".* FROM "menus"[0m
  Rendered orders/_form.html.erb (41.4ms)
  Rendered orders/new.html.erb within layouts/application (51.0ms)
  Rendered layouts/_navbar.html.erb (0.4ms)
Completed 200 OK in 132ms (Views: 108.9ms | ActiveRecord: 1.8ms)


Started POST "/orders" for 127.0.0.1 at 2017-03-22 08:26:24 +1100
Processing by OrdersController#create as HTML
  Parameters: {"utf8"=>"✓", "authenticity_token"=>"+FyF0O2G7DOEnPYEsXA7cwv+uxli8cJnEmAVqnWPXioT7ZD6xFEfSa9k1FBHsPEyuK0n3Bex6IxZi5fTn0uIog==", "order"=>{"menu_id"=>"1", "quantity"=>"4"}, "commit"=>"Create Order"}
  [1m[36mUser Load (0.2ms)[0m  [1m[34mSELECT  "users".* FROM "users" WHERE "users"."id" = ? ORDER BY "users"."id" ASC LIMIT ?[0m  [["id", 1], ["LIMIT", 1]]
  [1m[35m (0.0ms)[0m  [1m[36mbegin transaction[0m
  [1m[35mSQL (3.2ms)[0m  [1m[32mINSERT INTO "orders" ("menu_id", "user_id", "quantity", "created_at", "updated_at") VALUES (?, ?, ?, ?, ?)[0m  [["menu_id", 1], ["user_id", 1], ["quantity", "4"], ["created_at", 2017-03-21 21:26:24 UTC], ["updated_at", 2017-03-21 21:26:24 UTC]]
  [1m[35m (9.1ms)[0m  [1m[36mcommit transaction[0m
Redirected to http://localhost:3000/orders/1
Completed 302 Found in 19ms (ActiveRecord: 12.5ms)


Started GET "/orders/1" for 127.0.0.1 at 2017-03-22 08:26:24 +1100
Processing by OrdersController#show as HTML
  Parameters: {"id"=>"1"}
  [1m[36mUser Load (3.2ms)[0m  [1m[34mSELECT  "users".* FROM "users" WHERE "users"."id" = ? ORDER BY "users"."id" ASC LIMIT ?[0m  [["id", 1], ["LIMIT", 1]]
  [1m[36mOrder Load (0.1ms)[0m  [1m[34mSELECT  "orders".* FROM "orders" WHERE "orders"."id" = ? LIMIT ?[0m  [["id", 1], ["LIMIT", 1]]
  Rendering orders/show.html.erb within layouts/application
  [1m[36mMenu Load (0.2ms)[0m  [1m[34mSELECT  "menus".* FROM "menus" WHERE "menus"."id" = ? LIMIT ?[0m  [["id", 1], ["LIMIT", 1]]
  [1m[36mUser Load (0.1ms)[0m  [1m[34mSELECT  "users".* FROM "users" WHERE "users"."id" = ? LIMIT ?[0m  [["id", 1], ["LIMIT", 1]]
  Rendered orders/show.html.erb within layouts/application (52.0ms)
  Rendered layouts/_navbar.html.erb (0.4ms)
Completed 200 OK in 199ms (Views: 184.6ms | ActiveRecord: 3.7ms)


Started GET "/orders/1" for 127.0.0.1 at 2017-03-22 08:34:37 +1100
Processing by OrdersController#show as HTML
  Parameters: {"id"=>"1"}
  [1m[36mUser Load (0.1ms)[0m  [1m[34mSELECT  "users".* FROM "users" WHERE "users"."id" = ? ORDER BY "users"."id" ASC LIMIT ?[0m  [["id", 1], ["LIMIT", 1]]
  [1m[36mOrder Load (0.1ms)[0m  [1m[34mSELECT  "orders".* FROM "orders" WHERE "orders"."id" = ? LIMIT ?[0m  [["id", 1], ["LIMIT", 1]]
  Rendering orders/show.html.erb within layouts/application
  [1m[36mMenu Load (0.1ms)[0m  [1m[34mSELECT  "menus".* FROM "menus" WHERE "menus"."id" = ? LIMIT ?[0m  [["id", 1], ["LIMIT", 1]]
  [1m[36mUser Load (0.1ms)[0m  [1m[34mSELECT  "users".* FROM "users" WHERE "users"."id" = ? LIMIT ?[0m  [["id", 1], ["LIMIT", 1]]
  Rendered orders/show.html.erb within layouts/application (14.4ms)
Completed 500 Internal Server Error in 35ms (ActiveRecord: 2.0ms)


  
ActionView::Template::Error (no implicit conversion of String into Integer):
    17: 
    18: <p>
    19:   <strong>Total Price: </strong>
    20:   <%= @order.total_price %>
    21: </p>
    22: 
    23: <%= link_to 'Edit', edit_order_path(@order) %> |
  
app/models/order.rb:6:in `*'
app/models/order.rb:6:in `total_price'
app/views/orders/show.html.erb:20:in `_app_views_orders_show_html_erb__2133192897337845441_70240305302680'
  Rendering /home/nandini/.rvm/gems/ruby-2.3.1@rails500/gems/actionpack-5.0.1/lib/action_dispatch/middleware/templates/rescues/template_error.html.erb within rescues/layout
  Rendering /home/nandini/.rvm/gems/ruby-2.3.1@rails500/gems/actionpack-5.0.1/lib/action_dispatch/middleware/templates/rescues/_source.html.erb
  Rendered /home/nandini/.rvm/gems/ruby-2.3.1@rails500/gems/actionpack-5.0.1/lib/action_dispatch/middleware/templates/rescues/_source.html.erb (3.7ms)
  Rendering /home/nandini/.rvm/gems/ruby-2.3.1@rails500/gems/actionpack-5.0.1/lib/action_dispatch/middleware/templates/rescues/_trace.html.erb
  Rendered /home/nandini/.rvm/gems/ruby-2.3.1@rails500/gems/actionpack-5.0.1/lib/action_dispatch/middleware/templates/rescues/_trace.html.erb (1.3ms)
  Rendering /home/nandini/.rvm/gems/ruby-2.3.1@rails500/gems/actionpack-5.0.1/lib/action_dispatch/middleware/templates/rescues/_request_and_response.html.erb
  Rendered /home/nandini/.rvm/gems/ruby-2.3.1@rails500/gems/actionpack-5.0.1/lib/action_dispatch/middleware/templates/rescues/_request_and_response.html.erb (1.1ms)
  Rendered /home/nandini/.rvm/gems/ruby-2.3.1@rails500/gems/actionpack-5.0.1/lib/action_dispatch/middleware/templates/rescues/template_error.html.erb within rescues/layout (22.3ms)
                                                                                                                                                                                                                                                                                                                                                                                                                                                                                                                                                                                                                                                                                                                                                                                                                                                                                                                                                                                     